            --------------------------------------------------------
                             AMBER SQM VERSION 19
 
                                     By
              Ross C. Walker, Michael F. Crowley, Scott Brozell,
                         Tim Giese, Andreas W. Goetz,
                        Tai-Sung Lee and David A. Case
 
            --------------------------------------------------------
 

--------------------------------------------------------------------------------
  QM CALCULATION INFO
--------------------------------------------------------------------------------

| QMMM: Citation for AMBER QMMM Run:
| QMMM: R.C. Walker, M.F. Crowley and D.A. Case, J. COMP. CHEM. 29:1019, 2008

QMMM: SINGLET STATE CALCULATION
QMMM: RHF CALCULATION, NO. OF DOUBLY OCCUPIED LEVELS =121

| QMMM: *** Selected Hamiltonian *** 
| QMMM: PM3         

| QMMM: *** Parameter sets in use ***
| QMMM: H : J.J.P.STEWART, JCC, 10, 209 (1989)
| QMMM: C : J.J.P.STEWART, JCC, 10, 209 (1989)
| QMMM: O : J.J.P.STEWART, JCC, 10, 209 (1989)

| QMMM: *** SCF convergence criteria ***
| QMMM: Energy change                :  0.1D-07 kcal/mol
| QMMM: Error matrix |FP-PF|         :  0.1D+00 au
| QMMM: Density matrix change        :  0.5D-05
| QMMM: Maximum number of SCF cycles :     1000

| QMMM: *** Diagonalization Routine Information ***
| QMMM: Pseudo diagonalizations are allowed.
| QMMM: Auto diagonalization routine selection is in use.
| QMMM:
| QMMM: Timing diagonalization routines:
| QMMM:                              norbs =      214
| QMMM:    diag iterations used for timing =        4
| QMMM:
| QMMM:              Internal diag routine = 0.055732 seconds
| QMMM:                 Dspev diag routine = 0.150268 seconds
| QMMM:                Dspevd diag routine = 0.128025 seconds
| QMMM:                Dspevx diag routine = 0.215918 seconds
| QMMM:                 Dsyev diag routine = 0.090717 seconds
| QMMM:                Dsyevd diag routine = 0.068210 seconds
| QMMM:                Dsyevr diag routine = 0.067172 seconds
| QMMM:
| QMMM:                Pseudo diag routine = 0.028414 seconds
| QMMM:
| QMMM: Using internal diagonalization routine (diag_routine=1).

  QMMM: QM Region Cartesian Coordinates (*=link atom) 
  QMMM: QM_NO.   MM_NO.  ATOM         X         Y         Z
  QMMM:     1        1      H       24.7610    3.8670  -26.2160
  QMMM:     2        2      H       25.5920  -10.2050  -27.5310
  QMMM:     3        3      H       26.9500  -13.9640  -25.1560
  QMMM:     4        4      H       27.1280  -15.4470  -24.2060
  QMMM:     5        5      H       23.9100    1.8040  -25.7100
  QMMM:     6        6      H       22.5290    0.8810  -25.0740
  QMMM:     7        7      H       23.5910   -5.3230  -24.9360
  QMMM:     8        8      H       24.0540    2.4360  -23.0470
  QMMM:     9        9      H       30.1460    4.4310  -29.3040
  QMMM:    10       10      H       22.2960    2.2430  -23.2490
  QMMM:    11       11      H       27.6730    7.3420  -24.1300
  QMMM:    12       12      H       25.6630    6.5070  -22.9110
  QMMM:    13       13      H       27.1520   -7.1140  -27.1420
  QMMM:    14       14      H       26.7710    4.7000  -27.4320
  QMMM:    15       15      H       25.9870   -6.4960  -29.7080
  QMMM:    16       16      H       27.1070  -16.0110  -26.6030
  QMMM:    17       17      H       25.6340  -16.6420  -25.8300
  QMMM:    18       18      H       31.6970    5.2790  -29.2090
  QMMM:    19       19      H       26.4440   -2.9160  -27.1160
  QMMM:    20       20      H       25.6800   -0.8900  -25.8790
  QMMM:    21       21      H       30.6190    6.8870  -27.5580
  QMMM:    22       22      H       22.8270   -3.2990  -23.7010
  QMMM:    23       23      H       27.6150   -7.1640  -29.9690
  QMMM:    24       24      H       29.9310    6.9580  -29.1990
  QMMM:    25       25      H       28.3170   -6.1490  -28.0770
  QMMM:    26       26      H       27.4460  -11.5480  -31.1990
  QMMM:    27       27      H       25.2580  -12.5770  -26.8310
  QMMM:    28       28      H       27.1120  -13.9180  -30.5000
  QMMM:    29       29      C       25.0680   -4.2520  -26.1070
  QMMM:    30       30      C       24.0480   -4.3550  -25.1430
  QMMM:    31       31      C       23.6170   -3.2150  -24.4470
  QMMM:    32       32      C       24.2040   -1.9630  -24.7110
  QMMM:    33       33      C       25.2230   -1.8580  -25.6730
  QMMM:    34       34      C       25.6540   -3.0000  -26.3700
  QMMM:    35       35      C       25.5260   -5.4640  -26.8460
  QMMM:    36       36      C       23.7470   -0.7490  -23.9710
  QMMM:    37       37      O       25.0320   -6.5460  -26.6320
  QMMM:    38       38      O       22.8710   -0.8210  -23.1390
  QMMM:    39       39      O       26.4940   -5.2550  -27.7340
  QMMM:    40       40      C       27.2670   -6.4220  -27.9760
  QMMM:    41       41      C       26.7860   -7.0910  -29.2650
  QMMM:    42       42      O       26.3000   -8.3940  -28.9680
  QMMM:    43       43      C       26.7400   -9.3050  -29.8310
  QMMM:    44       44      C       26.5410  -10.7250  -29.4120
  QMMM:    45       45      C       26.9680  -11.7720  -30.2450
  QMMM:    46       46      C       25.9240  -11.0160  -28.1790
  QMMM:    47       47      C       26.7800  -13.1080  -29.8510
  QMMM:    48       48      C       26.1640  -13.4020  -28.6200
  QMMM:    49       49      C       25.7360  -12.3530  -27.7850
  QMMM:    50       50      C       25.9640  -14.8210  -28.2000
  QMMM:    51       51      O       26.3250  -15.7330  -28.9060
  QMMM:    52       52      O       27.2670   -9.0380  -30.8840
  QMMM:    53       53      O       25.3730  -14.9840  -27.0210
  QMMM:    54       54      C       26.1690  -15.7380  -26.1190
  QMMM:    55       55      C       26.4640  -14.8980  -24.8740
  QMMM:    56       56      O       25.2420  -14.6340  -24.2220
  QMMM:    57       57      H       25.4450  -14.1020  -23.4370
  QMMM:    58       58      O       24.3660    0.3810  -24.2950
  QMMM:    59       59      C       23.4760    1.3550  -24.8170
  QMMM:    60       60      C       23.2350    2.4400  -23.7660
  QMMM:    61       61      O       23.1700    3.7100  -24.4000
  QMMM:    62       62      C       23.8780    4.6340  -23.7560
  QMMM:    63       63      C       25.0810    5.1330  -24.4850
  QMMM:    64       64      C       25.9040    6.1130  -23.8980
  QMMM:    65       65      C       25.3970    4.6260  -25.7600
  QMMM:    66       66      C       27.0370    6.5830  -24.5850
  QMMM:    67       67      C       27.3520    6.0750  -25.8590
  QMMM:    68       68      C       26.5290    5.0950  -26.4450
  QMMM:    69       69      C       28.5560    6.5750  -26.5870
  QMMM:    70       70      O       29.2740    7.4160  -26.0980
  QMMM:    71       71      O       23.5930    5.0590  -22.6610
  QMMM:    72       72      O       28.7630    6.0310  -27.7820
  QMMM:    73       73      C       30.0440    6.3420  -28.3070
  QMMM:    74       74      C       30.7780    5.0510  -28.6680
  QMMM:    75       75      O       31.0740    4.3640  -27.4730
  QMMM:    76       76      H       31.5390    3.5480  -27.7200

--------------------------------------------------------------------------------
  RESULTS
--------------------------------------------------------------------------------

 
 Final MO eigenvalues (eV):
 -42.4927  -42.1999  -41.7231  -41.5101  -40.9049  -40.4028  -39.1322  -38.8004
 -38.3843  -37.6412  -37.5300  -36.8190  -36.4911  -36.3281  -36.1923  -36.0801
 -35.9995  -31.7451  -31.2417  -30.8876  -30.5279  -30.1327  -30.0856  -29.9670
 -29.7769  -29.4763  -29.3888  -25.3037  -24.8669  -24.6115  -23.7015  -23.2676
 -22.7214  -22.6523  -22.3507  -22.0060  -21.9570  -21.7949  -21.5952  -21.5379
 -20.9005  -20.6659  -20.5916  -19.8145  -19.6084  -19.5100  -18.7573  -18.7140
 -18.6756  -18.5308  -18.4877  -18.3289  -18.2787  -18.2266  -17.9836  -17.7339
 -17.7143  -17.5129  -17.4770  -17.2533  -17.1145  -16.8325  -16.6915  -16.5919
 -16.4589  -16.3832  -15.9539  -15.8941  -15.8549  -15.7642  -15.6921  -15.5112
 -15.4328  -15.3638  -15.3239  -15.2764  -15.1539  -15.0959  -14.9164  -14.7638
 -14.5889  -14.5183  -14.3487  -14.1968  -14.1030  -14.0873  -13.9799  -13.9502
 -13.7799  -13.7411  -13.5753  -13.4985  -13.4034  -13.2321  -13.1544  -13.0500
 -12.9958  -12.9820  -12.9213  -12.7366  -12.6795  -12.5535  -12.3513  -11.8318
 -11.7690  -11.7644  -11.7015  -11.6982  -11.6300  -11.5644  -11.5267  -11.4283
 -11.3938  -11.2939  -11.2466  -10.5306  -10.3913  -10.3038  -10.2874  -10.1860
 -10.1334   -1.2951   -1.0672   -1.0314   -0.3604   -0.1577   -0.1169    0.3069
   0.5565    0.6274    1.0300    1.2415    1.3317    1.3986    1.5156    1.5657
   1.6118    1.7933    1.8385    2.1821    2.3884    2.4045    2.4585    2.5766
   2.6536    2.7037    2.7242    2.7709    2.7765    2.8226    2.8641    2.9754
   2.9873    2.9901    2.9995    3.0887    3.1322    3.1449    3.2343    3.2511
   3.2685    3.3272    3.3425    3.3558    3.4228    3.4687    3.5041    3.5508
   3.5939    3.5989    3.6648    3.6906    3.7888    3.8117    3.8559    3.9287
   3.9990    4.0135    4.0445    4.0842    4.0934    4.1843    4.2137    4.2352
   4.2584    4.2947    4.3090    4.4002    4.4373    4.4760    4.5284    4.5679
   4.7220    4.7613    4.8242    4.9194    4.9503    4.9878    5.1867    5.1906
   5.2367    5.2838    5.3056    5.4428    5.5155    5.5644    5.6630    5.6958
   6.6597    6.7832    6.8650    6.9734    7.0105    7.0989

 Heat of formation   =       -425.76327755 kcal/mol  (      -18.46248114 eV)

 Total SCF energy    =    -192833.27339232 kcal/mol  (    -8361.87820963 eV)
 Electronic energy   =   -1650986.61321708 kcal/mol  (   -71592.15182417 eV)
 Core-core repulsion =    1458153.33982476 kcal/mol  (    63230.27361453 eV)
 
    Atomic Charges for Step       1 :
  Atom    Element       Mulliken Charge
     1      H                  0.118
     2      H                  0.128
     3      H                  0.028
     4      H                  0.031
     5      H                  0.070
     6      H                  0.054
     7      H                  0.130
     8      H                  0.062
     9      H                  0.030
    10      H                  0.070
    11      H                  0.130
    12      H                  0.128
    13      H                  0.077
    14      H                  0.121
    15      H                  0.073
    16      H                  0.052
    17      H                  0.068
    18      H                  0.033
    19      H                  0.122
    20      H                  0.122
    21      H                  0.094
    22      H                  0.129
    23      H                  0.082
    24      H                  0.058
    25      H                  0.069
    26      H                  0.128
    27      H                  0.129
    28      H                  0.128
    29      C                 -0.120
    30      C                 -0.054
    31      C                 -0.051
    32      C                 -0.138
    33      C                 -0.067
    34      C                 -0.070
    35      C                  0.415
    36      C                  0.426
    37      O                 -0.366
    38      O                 -0.339
    39      O                 -0.230
    40      C                  0.033
    41      C                  0.004
    42      O                 -0.210
    43      C                  0.416
    44      C                 -0.121
    45      C                 -0.057
    46      C                 -0.070
    47      C                 -0.055
    48      C                 -0.138
    49      C                 -0.069
    50      C                  0.424
    51      O                 -0.349
    52      O                 -0.385
    53      O                 -0.240
    54      C                  0.064
    55      C                  0.048
    56      O                 -0.300
    57      H                  0.187
    58      O                 -0.257
    59      C                  0.053
    60      C                  0.043
    61      O                 -0.267
    62      C                  0.432
    63      C                 -0.144
    64      C                 -0.051
    65      C                 -0.072
    66      C                 -0.054
    67      C                 -0.110
    68      C                 -0.070
    69      C                  0.423
    70      O                 -0.381
    71      O                 -0.330
    72      O                 -0.220
    73      C                  0.021
    74      C                  0.055
    75      O                 -0.309
    76      H                  0.189
 Total Mulliken Charge =      -0.000
 
                  X        Y        Z     TOTAL  
  QM DIPOLE     4.545   -0.158   -1.442    4.771
 
 Final Structure

  QMMM: QM Region Cartesian Coordinates (*=link atom) 
  QMMM: QM_NO.   MM_NO.  ATOM         X         Y         Z
  QMMM:     1        1      H       24.7610    3.8670  -26.2160
  QMMM:     2        2      H       25.5920  -10.2050  -27.5310
  QMMM:     3        3      H       26.9500  -13.9640  -25.1560
  QMMM:     4        4      H       27.1280  -15.4470  -24.2060
  QMMM:     5        5      H       23.9100    1.8040  -25.7100
  QMMM:     6        6      H       22.5290    0.8810  -25.0740
  QMMM:     7        7      H       23.5910   -5.3230  -24.9360
  QMMM:     8        8      H       24.0540    2.4360  -23.0470
  QMMM:     9        9      H       30.1460    4.4310  -29.3040
  QMMM:    10       10      H       22.2960    2.2430  -23.2490
  QMMM:    11       11      H       27.6730    7.3420  -24.1300
  QMMM:    12       12      H       25.6630    6.5070  -22.9110
  QMMM:    13       13      H       27.1520   -7.1140  -27.1420
  QMMM:    14       14      H       26.7710    4.7000  -27.4320
  QMMM:    15       15      H       25.9870   -6.4960  -29.7080
  QMMM:    16       16      H       27.1070  -16.0110  -26.6030
  QMMM:    17       17      H       25.6340  -16.6420  -25.8300
  QMMM:    18       18      H       31.6970    5.2790  -29.2090
  QMMM:    19       19      H       26.4440   -2.9160  -27.1160
  QMMM:    20       20      H       25.6800   -0.8900  -25.8790
  QMMM:    21       21      H       30.6190    6.8870  -27.5580
  QMMM:    22       22      H       22.8270   -3.2990  -23.7010
  QMMM:    23       23      H       27.6150   -7.1640  -29.9690
  QMMM:    24       24      H       29.9310    6.9580  -29.1990
  QMMM:    25       25      H       28.3170   -6.1490  -28.0770
  QMMM:    26       26      H       27.4460  -11.5480  -31.1990
  QMMM:    27       27      H       25.2580  -12.5770  -26.8310
  QMMM:    28       28      H       27.1120  -13.9180  -30.5000
  QMMM:    29       29      C       25.0680   -4.2520  -26.1070
  QMMM:    30       30      C       24.0480   -4.3550  -25.1430
  QMMM:    31       31      C       23.6170   -3.2150  -24.4470
  QMMM:    32       32      C       24.2040   -1.9630  -24.7110
  QMMM:    33       33      C       25.2230   -1.8580  -25.6730
  QMMM:    34       34      C       25.6540   -3.0000  -26.3700
  QMMM:    35       35      C       25.5260   -5.4640  -26.8460
  QMMM:    36       36      C       23.7470   -0.7490  -23.9710
  QMMM:    37       37      O       25.0320   -6.5460  -26.6320
  QMMM:    38       38      O       22.8710   -0.8210  -23.1390
  QMMM:    39       39      O       26.4940   -5.2550  -27.7340
  QMMM:    40       40      C       27.2670   -6.4220  -27.9760
  QMMM:    41       41      C       26.7860   -7.0910  -29.2650
  QMMM:    42       42      O       26.3000   -8.3940  -28.9680
  QMMM:    43       43      C       26.7400   -9.3050  -29.8310
  QMMM:    44       44      C       26.5410  -10.7250  -29.4120
  QMMM:    45       45      C       26.9680  -11.7720  -30.2450
  QMMM:    46       46      C       25.9240  -11.0160  -28.1790
  QMMM:    47       47      C       26.7800  -13.1080  -29.8510
  QMMM:    48       48      C       26.1640  -13.4020  -28.6200
  QMMM:    49       49      C       25.7360  -12.3530  -27.7850
  QMMM:    50       50      C       25.9640  -14.8210  -28.2000
  QMMM:    51       51      O       26.3250  -15.7330  -28.9060
  QMMM:    52       52      O       27.2670   -9.0380  -30.8840
  QMMM:    53       53      O       25.3730  -14.9840  -27.0210
  QMMM:    54       54      C       26.1690  -15.7380  -26.1190
  QMMM:    55       55      C       26.4640  -14.8980  -24.8740
  QMMM:    56       56      O       25.2420  -14.6340  -24.2220
  QMMM:    57       57      H       25.4450  -14.1020  -23.4370
  QMMM:    58       58      O       24.3660    0.3810  -24.2950
  QMMM:    59       59      C       23.4760    1.3550  -24.8170
  QMMM:    60       60      C       23.2350    2.4400  -23.7660
  QMMM:    61       61      O       23.1700    3.7100  -24.4000
  QMMM:    62       62      C       23.8780    4.6340  -23.7560
  QMMM:    63       63      C       25.0810    5.1330  -24.4850
  QMMM:    64       64      C       25.9040    6.1130  -23.8980
  QMMM:    65       65      C       25.3970    4.6260  -25.7600
  QMMM:    66       66      C       27.0370    6.5830  -24.5850
  QMMM:    67       67      C       27.3520    6.0750  -25.8590
  QMMM:    68       68      C       26.5290    5.0950  -26.4450
  QMMM:    69       69      C       28.5560    6.5750  -26.5870
  QMMM:    70       70      O       29.2740    7.4160  -26.0980
  QMMM:    71       71      O       23.5930    5.0590  -22.6610
  QMMM:    72       72      O       28.7630    6.0310  -27.7820
  QMMM:    73       73      C       30.0440    6.3420  -28.3070
  QMMM:    74       74      C       30.7780    5.0510  -28.6680
  QMMM:    75       75      O       31.0740    4.3640  -27.4730
  QMMM:    76       76      H       31.5390    3.5480  -27.7200

           --------- Calculation Completed ----------

